빌드 시작: 2024-06-04 오후 3:11:01
     1>2 노드의 "D:\객체지향 윈도우즈 연습\Twelveth_week\Press_button_and_connect\press_Button\press_Button.vcxproj" 프로젝트(Build 대상)입니다.
     1>ClCompile:
         C:\Program Files (x86)\Microsoft Visual Studio 12.0\VC\bin\CL.exe /c /ZI /nologo /W3 /WX- /sdl /Od /Oy- /D WIN32 /D _DEBUG /D _WINDOWS /D _UNICODE /D UNICODE /Gm /EHsc /RTC1 /MDd /GS /fp:precise /Zc:wchar_t /Zc:forScope /Fo"Debug\\" /Fd"Debug\vc120.pdb" /Gd /TP /analyze- /errorReport:prompt press_Button.cpp
         press_Button.cpp
     1>d:\객체지향 윈도우즈 연습\twelveth_week\press_button_and_connect\press_button\press_button.cpp(131): warning C4091: 'typedef ' : 변수를 선언하지 않으면 'var_to_communication' 왼쪽은 무시됩니다.
       Link:
         C:\Program Files (x86)\Microsoft Visual Studio 12.0\VC\bin\link.exe /ERRORREPORT:PROMPT /OUT:"D:\객체지향 윈도우즈 연습\Twelveth_week\Press_button_and_connect\Debug\press_Button.exe" /INCREMENTAL /NOLOGO kernel32.lib user32.lib gdi32.lib winspool.lib comdlg32.lib advapi32.lib shell32.lib ole32.lib oleaut32.lib uuid.lib odbc32.lib odbccp32.lib /MANIFEST /MANIFESTUAC:"level='asInvoker' uiAccess='false'" /manifest:embed /DEBUG /PDB:"D:\객체지향 윈도우즈 연습\Twelveth_week\Press_button_and_connect\Debug\press_Button.pdb" /SUBSYSTEM:WINDOWS /TLBID:1 /DYNAMICBASE /NXCOMPAT /IMPLIB:"D:\객체지향 윈도우즈 연습\Twelveth_week\Press_button_and_connect\Debug\press_Button.lib" /MACHINE:X86 Debug\press_Button.obj
     1>press_Button.obj : error LNK2019: __imp__accept@12 외부 기호(참조 위치: "unsigned long __stdcall ThreadFunc(void *)" (?ThreadFunc@@YGKPAX@Z) 함수)에서 확인하지 못했습니다.
     1>press_Button.obj : error LNK2019: __imp__bind@12 외부 기호(참조 위치: "void __cdecl Initialize_SOCKADDR_IN(struct sockaddr_in &,unsigned int &,int &)" (?Initialize_SOCKADDR_IN@@YAXAAUsockaddr_in@@AAIAAH@Z) 함수)에서 확인하지 못했습니다.
     1>press_Button.obj : error LNK2019: __imp__closesocket@4 외부 기호(참조 위치: "unsigned long __stdcall ThreadFunc(void *)" (?ThreadFunc@@YGKPAX@Z) 함수)에서 확인하지 못했습니다.
     1>press_Button.obj : error LNK2019: __imp__connect@12 외부 기호(참조 위치: "void __cdecl Initialize_SOCKADDR_IN(struct sockaddr_in &,unsigned int &,int &,char const *)" (?Initialize_SOCKADDR_IN@@YAXAAUsockaddr_in@@AAIAAHPBD@Z) 함수)에서 확인하지 못했습니다.
     1>press_Button.obj : error LNK2019: __imp__htonl@4 외부 기호(참조 위치: "void __cdecl Initialize_SOCKADDR_IN(struct sockaddr_in &,unsigned int &,int &)" (?Initialize_SOCKADDR_IN@@YAXAAUsockaddr_in@@AAIAAH@Z) 함수)에서 확인하지 못했습니다.
     1>press_Button.obj : error LNK2019: __imp__htons@4 외부 기호(참조 위치: "void __cdecl Initialize_SOCKADDR_IN(struct sockaddr_in &,unsigned int &,int &)" (?Initialize_SOCKADDR_IN@@YAXAAUsockaddr_in@@AAIAAH@Z) 함수)에서 확인하지 못했습니다.
     1>press_Button.obj : error LNK2019: __imp__inet_addr@4 외부 기호(참조 위치: "void __cdecl Initialize_SOCKADDR_IN(struct sockaddr_in &,unsigned int &,int &,char const *)" (?Initialize_SOCKADDR_IN@@YAXAAUsockaddr_in@@AAIAAHPBD@Z) 함수)에서 확인하지 못했습니다.
     1>press_Button.obj : error LNK2019: __imp__inet_ntoa@4 외부 기호(참조 위치: "unsigned long __stdcall ThreadFunc(void *)" (?ThreadFunc@@YGKPAX@Z) 함수)에서 확인하지 못했습니다.
     1>press_Button.obj : error LNK2019: __imp__listen@8 외부 기호(참조 위치: "void __cdecl Listening(int &,unsigned int &)" (?Listening@@YAXAAHAAI@Z) 함수)에서 확인하지 못했습니다.
     1>press_Button.obj : error LNK2019: __imp__ntohs@4 외부 기호(참조 위치: "unsigned long __stdcall ThreadFunc(void *)" (?ThreadFunc@@YGKPAX@Z) 함수)에서 확인하지 못했습니다.
     1>press_Button.obj : error LNK2019: __imp__recv@16 외부 기호(참조 위치: "unsigned long __stdcall ThreadFunc(void *)" (?ThreadFunc@@YGKPAX@Z) 함수)에서 확인하지 못했습니다.
     1>press_Button.obj : error LNK2019: __imp__send@16 외부 기호(참조 위치: "void __cdecl Pointing(int &,int &,int &,long &)" (?Pointing@@YAXAAH00AAJ@Z) 함수)에서 확인하지 못했습니다.
     1>press_Button.obj : error LNK2019: __imp__socket@12 외부 기호(참조 위치: "int __cdecl Initialize_SOCKET(unsigned int &)" (?Initialize_SOCKET@@YAHAAI@Z) 함수)에서 확인하지 못했습니다.
     1>press_Button.obj : error LNK2019: __imp__WSAStartup@8 외부 기호(참조 위치: "int __cdecl Initialize_WSADATA(struct WSAData &)" (?Initialize_WSADATA@@YAHAAUWSAData@@@Z) 함수)에서 확인하지 못했습니다.
     1>press_Button.obj : error LNK2019: __imp__WSACleanup@0 외부 기호(참조 위치: "unsigned long __stdcall ThreadFunc(void *)" (?ThreadFunc@@YGKPAX@Z) 함수)에서 확인하지 못했습니다.
     1>press_Button.obj : error LNK2019: __imp__WSAGetLastError@0 외부 기호(참조 위치: "void __cdecl err_display(char const *)" (?err_display@@YAXPBD@Z) 함수)에서 확인하지 못했습니다.
     1>D:\객체지향 윈도우즈 연습\Twelveth_week\Press_button_and_connect\Debug\press_Button.exe : fatal error LNK1120: 16개의 확인할 수 없는 외부 참조입니다.
     1>"D:\객체지향 윈도우즈 연습\Twelveth_week\Press_button_and_connect\press_Button\press_Button.vcxproj" 프로젝트를 빌드했습니다(Build 대상). - 실패

빌드하지 못했습니다.

경과 시간: 00:00:02.94
